<?xml version="1.0" encoding="UTF-8"?>
<testsuite xmlns:xsi="http://www.w3.org/2001/XMLSchema-instance" xsi:noNamespaceSchemaLocation="https://maven.apache.org/surefire/maven-surefire-plugin/xsd/surefire-test-report-3.0.xsd" version="3.0" name="avl.AvlNodeTest" time="0.092" tests="3" errors="0" skipped="0" failures="0">
  <properties>
[...]
</properties>
  <testcase name="shouldSetHeight" classname="avl.AvlNodeTest" time="0.008"/>
  <testcase name="testHasLeft" classname="avl.AvlNodeTest" time="0"/>
  <testcase name="testHasRight" classname="avl.AvlNodeTest" time="0"/>
</testsuite>